\BOOKMARK [0][-]{titulo.0}{P\341gina de T\355tulo}{}% 1
\BOOKMARK [0][-]{indices.0}{\315ndices}{}% 2
\BOOKMARK [1][-]{tabla de contenidos.1}{Tabla de Contenidos}{indices.0}% 3
\BOOKMARK [0][-]{chapter.2}{Introduction}{}% 4
\BOOKMARK [1][-]{section.3}{Motivation}{chapter.2}% 5
\BOOKMARK [1][-]{section.4}{Goals}{chapter.2}% 6
\BOOKMARK [1][-]{section.5}{Document structure}{chapter.2}% 7
\BOOKMARK [0][-]{chapter.6}{State of the Art}{}% 8
\BOOKMARK [1][-]{section.7}{Augmentative and Alternative Systems of Communication \(AASC\)}{chapter.6}% 9
\BOOKMARK [1][-]{section.11}{Pictograms}{chapter.6}% 10
\BOOKMARK [2][-]{subsection.13}{Pictogram systems}{section.11}% 11
\BOOKMARK [2][-]{subsection.28}{Communication based on pictograms}{section.11}% 12
\BOOKMARK [1][-]{section.30}{Pict2Text 1.0}{chapter.6}% 13
\BOOKMARK [2][-]{subsection.36}{Implementation}{section.30}% 14
\BOOKMARK [2][-]{subsection.42}{Conclusions}{section.30}% 15
\BOOKMARK [1][-]{section.43}{Machine learning algorithms}{chapter.6}% 16
\BOOKMARK [2][-]{subsection.44}{Why a conventional algorithm is not going to resolve the problem?}{section.43}% 17
\BOOKMARK [2][-]{subsection.47}{What is a Machine Learning and Machine Learning model?}{section.43}% 18
\BOOKMARK [2][-]{subsection.50}{Why no other tool or ML model is helpful to resolve our problem?}{section.43}% 19
\BOOKMARK [2][-]{subsection.51}{What is a Neural Network?}{section.43}% 20
\BOOKMARK [2][-]{subsection.55}{Convolutional Neural Network}{section.43}% 21
\BOOKMARK [0][-]{chapter.66}{Software development methodology}{}% 22
\BOOKMARK [1][-]{section.68}{Kanban}{chapter.66}% 23
