\BOOKMARK [0][-]{titulo.0}{Title page}{}% 1
\BOOKMARK [0][-]{indices.0}{Indices}{}% 2
\BOOKMARK [1][-]{tabla de contenidos.1}{Table of contents}{indices.0}% 3
\BOOKMARK [1][-]{indice de figuras.1}{List of figures}{indices.0}% 4
\BOOKMARK [1][-]{indice de tablas.1}{List of tables}{indices.0}% 5
\BOOKMARK [0][-]{chapter.4}{Introduction}{}% 6
\BOOKMARK [1][-]{section.5}{Motivation}{chapter.4}% 7
\BOOKMARK [1][-]{section.6}{Goals}{chapter.4}% 8
\BOOKMARK [1][-]{section.11}{Document structure}{chapter.4}% 9
\BOOKMARK [0][-]{chapter.12}{State of the Art}{}% 10
\BOOKMARK [1][-]{section.13}{Augmentative and Alternative Systems of Communication \(AASC\)}{chapter.12}% 11
\BOOKMARK [1][-]{section.14}{Pictograms}{chapter.12}% 12
\BOOKMARK [2][-]{subsection.16}{Pictogram systems}{section.14}% 13
\BOOKMARK [2][-]{subsection.27}{Communication based on pictograms}{section.14}% 14
\BOOKMARK [1][-]{section.29}{Pict2Text 1.0}{chapter.12}% 15
\BOOKMARK [2][-]{subsection.34}{Implementation}{section.29}% 16
\BOOKMARK [2][-]{subsection.39}{Conclusions}{section.29}% 17
\BOOKMARK [1][-]{section.40}{Image recognition}{chapter.12}% 18
\BOOKMARK [2][-]{subsection.41}{Machine Learning and Machine Learning model}{section.40}% 19
\BOOKMARK [2][-]{subsection.44}{Other tools and Machine Learning models}{section.40}% 20
\BOOKMARK [2][-]{subsection.45}{Neural Network}{section.40}% 21
\BOOKMARK [2][-]{subsection.49}{Convolutional Neural Network}{section.40}% 22
\BOOKMARK [0][-]{chapter.60}{Software development methodology}{}% 23
\BOOKMARK [1][-]{section.62}{Kanban}{chapter.60}% 24
\BOOKMARK [0][-]{chapter.63}{Implementation}{}% 25
\BOOKMARK [1][-]{section.64}{Scripts for fetching and loading ARASAAC pictograms}{chapter.63}% 26
\BOOKMARK [1][-]{section.69}{One-shot learning algorithm}{chapter.63}% 27
\BOOKMARK [0][-]{chapter*.72}{Bibliograf\355a}{}% 28
\BOOKMARK [0][-]{fin.0}{Fin}{}% 29
