This is pdfTeX, Version 3.14159265-2.6-1.40.21 (MiKTeX 21.1) (preloaded format=pdflatex 2020.11.11)  15 APR 2021 17:56
entering extended mode
**./TFGPictos.tex
(TFGPictos.tex
LaTeX2e <2020-10-01> patch level 2
L3 programming layer <2020-10-27> xparse <2020-03-03>
(/home/gasan/.miktex/texmfs/install/tex/latex/base/book.cls
Document Class: book 2020/04/10 v1.4m Standard LaTeX document class
(/home/gasan/.miktex/texmfs/install/tex/latex/base/bk11.clo
File: bk11.clo 2020/04/10 v1.4m Standard LaTeX file (size option)
)
\c@part=\count175
\c@chapter=\count176
\c@section=\count177
\c@subsection=\count178
\c@subsubsection=\count179
\c@paragraph=\count180
\c@subparagraph=\count181
\c@figure=\count182
\c@table=\count183
\abovecaptionskip=\skip47
\belowcaptionskip=\skip48
\bibindent=\dimen138
)
\@input{config.aux}
\openout2 = `config.aux'.

(config.tex) (TeXiS/TeXiS.sty
Package: TeXiS/TeXiS 

(/home/gasan/.miktex/texmfs/install/tex/latex/tools/verbatim.sty
Package: verbatim 2019/11/10 v1.5r LaTeX2e package for verbatim enhancements
\every@verbatim=\toks15
\verbatim@line=\toks16
\verbatim@in@stream=\read2
)
\example@out=\write3

\@input{TeXiS/TeXiS_pream.aux}
\openout2 = `TeXiS/TeXiS_pream.aux'.

(TeXiS/TeXiS_pream.tex
(/home/gasan/.miktex/texmfs/install/tex/latex/base/shortvrb.sty
Package: shortvrb 2020/06/15 v2.1m Standard LaTeX documentation package (FMi)
)
(/home/gasan/.miktex/texmfs/install/tex/latex/base/inputenc.sty
Package: inputenc 2020/08/01 v1.3d Input encoding file
\inpenc@prehook=\toks17
\inpenc@posthook=\toks18

(/home/gasan/.miktex/texmfs/install/tex/latex/base/ansinew.def
File: ansinew.def 2020/08/01 v1.3d Input encoding file
))
(/home/gasan/.miktex/texmfs/install/tex/latex/natbib/natbib.sty
Package: natbib 2010/09/13 8.31b (PWD, AO)
\bibhang=\skip49
\bibsep=\skip50
LaTeX Info: Redefining \cite on input line 694.
\c@NAT@ctr=\count184
)
(/home/gasan/.miktex/texmfs/install/tex/generic/babel/babel.sty
Package: babel 2020/10/27 3.51 The Babel package

(/home/gasan/.miktex/texmfs/install/tex/generic/babel/babel.def
File: babel.def 2020/10/27 3.51 Babel common definitions
\babel@savecnt=\count185
\U@D=\dimen139
\l@babelnohyphens=\language1

(/home/gasan/.miktex/texmfs/install/tex/generic/babel/txtbabel.def)
\bbl@readstream=\read3
)
\bbl@dirlevel=\count186

*************************************
* Local config file bblopts.cfg used
*
(/home/gasan/.miktex/texmfs/install/tex/latex/arabi/bblopts.cfg
File: bblopts.cfg 2005/09/08 v0.1 add Arabic and Farsi to "declared" options of
 babel
)
(/home/gasan/.miktex/texmfs/install/tex/latex/babel-english/english.ldf
Language: english 2017/06/06 v3.3r English support from the babel system
)
(/home/gasan/.miktex/texmfs/install/tex/latex/babel-spanish/spanish.ldf
Language: spanish.ldf 2016/03/03 v5.0p Spanish support from the babel system


Package babel Warning: No hyphenation patterns were preloaded for
(babel)                the language `Spanish' into the format.
(babel)                Please, configure your TeX system to add them and
(babel)                rebuild the format. Now I will use the patterns
(babel)                preloaded for \language=0 instead on input line 51.

\es@quottoks=\toks19
\es@quotdepth=\count187
Package babel Info: Making " an active character on input line 561.
Package babel Info: Making . an active character on input line 662.
Package babel Info: Making < an active character on input line 707.
Package babel Info: Making > an active character on input line 707.
Package babel Info: Making ' an active character on input line 725.
)) (/home/gasan/.miktex/texmfs/install/tex/latex/url/url.sty
\Urlmuskip=\muskip16
Package: url 2013/09/16  ver 3.4  Verb mode for urls, etc.
)
(/home/gasan/.miktex/texmfs/install/tex/generic/iftex/ifpdf.sty
Package: ifpdf 2019/10/25 v3.4 ifpdf legacy package. Use iftex instead.

(/home/gasan/.miktex/texmfs/install/tex/generic/iftex/iftex.sty
Package: iftex 2020/03/06 v1.0d TeX engine tests
))
(/home/gasan/.miktex/texmfs/install/tex/latex/fncychap/fncychap.sty
Package: fncychap 2007/07/30 v1.34 LaTeX package (Revised chapters)
\RW=\skip51
\mylen=\skip52
\myhi=\skip53
\px=\skip54
\py=\skip55
\pyy=\skip56
\pxx=\skip57
)
(/home/gasan/.miktex/texmfs/install/tex/latex/hyperref/hyperref.sty
Package: hyperref 2020-05-15 v7.00e Hypertext links for LaTeX

(/home/gasan/.miktex/texmfs/install/tex/generic/ltxcmds/ltxcmds.sty
Package: ltxcmds 2020-05-10 v1.25 LaTeX kernel commands for general use (HO)
)
(/home/gasan/.miktex/texmfs/install/tex/generic/pdftexcmds/pdftexcmds.sty
Package: pdftexcmds 2020-06-27 v0.33 Utility functions of pdfTeX for LuaTeX (HO
)

(/home/gasan/.miktex/texmfs/install/tex/generic/infwarerr/infwarerr.sty
Package: infwarerr 2019/12/03 v1.5 Providing info/warning/error messages (HO)
)
Package pdftexcmds Info: \pdf@primitive is available.
Package pdftexcmds Info: \pdf@ifprimitive is available.
Package pdftexcmds Info: \pdfdraftmode found.
)
(/home/gasan/.miktex/texmfs/install/tex/latex/graphics/keyval.sty
Package: keyval 2014/10/28 v1.15 key=value parser (DPC)
\KV@toks@=\toks20
)
(/home/gasan/.miktex/texmfs/install/tex/generic/kvsetkeys/kvsetkeys.sty
Package: kvsetkeys 2019/12/15 v1.18 Key value parser (HO)
)
(/home/gasan/.miktex/texmfs/install/tex/generic/kvdefinekeys/kvdefinekeys.sty
Package: kvdefinekeys 2019-12-19 v1.6 Define keys (HO)
)
(/home/gasan/.miktex/texmfs/install/tex/generic/pdfescape/pdfescape.sty
Package: pdfescape 2019/12/09 v1.15 Implements pdfTeX's escape features (HO)
)
(/home/gasan/.miktex/texmfs/install/tex/latex/hycolor/hycolor.sty
Package: hycolor 2020-01-27 v1.10 Color options for hyperref/bookmark (HO)
)
(/home/gasan/.miktex/texmfs/install/tex/latex/letltxmacro/letltxmacro.sty
Package: letltxmacro 2019/12/03 v1.6 Let assignment for LaTeX macros (HO)
)
(/home/gasan/.miktex/texmfs/install/tex/latex/auxhook/auxhook.sty
Package: auxhook 2019-12-17 v1.6 Hooks for auxiliary files (HO)
)
(/home/gasan/.miktex/texmfs/install/tex/latex/kvoptions/kvoptions.sty
Package: kvoptions 2019/11/29 v3.13 Key value format for package options (HO)
)
\@linkdim=\dimen140
\Hy@linkcounter=\count188
\Hy@pagecounter=\count189

(/home/gasan/.miktex/texmfs/install/tex/latex/hyperref/pd1enc.def
File: pd1enc.def 2020-05-15 v7.00e Hyperref: PDFDocEncoding definition (HO)
Now handling font encoding PD1 ...
... no UTF-8 mapping file for font encoding PD1
)
(/home/gasan/.miktex/texmfs/install/tex/generic/intcalc/intcalc.sty
Package: intcalc 2019/12/15 v1.3 Expandable calculations with integers (HO)
)
(/home/gasan/.miktex/texmfs/install/tex/generic/etexcmds/etexcmds.sty
Package: etexcmds 2019/12/15 v1.7 Avoid name clashes with e-TeX commands (HO)
)
\Hy@SavedSpaceFactor=\count190


Package hyperref Warning: Invalid value `0'
(hyperref)                for option `pdfborder'.
(hyperref)                Option setting is ignored on input line 4338.

Package hyperref Info: Option `hyperindex' set `true' on input line 4338.
Package hyperref Info: Option `pdfpagelabels' set `true' on input line 4338.
Package hyperref Info: Option `hypertexnames' set `false' on input line 4338.
Package hyperref Info: Hyper figures OFF on input line 4464.
Package hyperref Info: Link nesting OFF on input line 4469.
Package hyperref Info: Hyper index ON on input line 4472.
Package hyperref Info: Plain pages OFF on input line 4479.
Package hyperref Info: Backreferencing OFF on input line 4484.
Package hyperref Info: Implicit mode ON; LaTeX internals redefined.
Package hyperref Info: Bookmarks ON on input line 4717.
\c@Hy@tempcnt=\count191
LaTeX Info: Redefining \url on input line 5076.
\XeTeXLinkMargin=\dimen141
(/home/gasan/.miktex/texmfs/install/tex/generic/bitset/bitset.sty
Package: bitset 2019/12/09 v1.3 Handle bit-vector datatype (HO)

(/home/gasan/.miktex/texmfs/install/tex/generic/bigintcalc/bigintcalc.sty
Package: bigintcalc 2019/12/15 v1.5 Expandable calculations on big integers (HO
)
))
\Fld@menulength=\count192
\Field@Width=\dimen142
\Fld@charsize=\dimen143
Package hyperref Info: Hyper figures OFF on input line 6347.
Package hyperref Info: Link nesting OFF on input line 6352.
Package hyperref Info: Hyper index ON on input line 6355.
Package hyperref Info: backreferencing OFF on input line 6362.
Package hyperref Info: Link coloring OFF on input line 6367.
Package hyperref Info: Link coloring with OCG OFF on input line 6372.
Package hyperref Info: PDF/A mode OFF on input line 6377.
LaTeX Info: Redefining \ref on input line 6417.
LaTeX Info: Redefining \pageref on input line 6421.

(/home/gasan/.miktex/texmfs/install/tex/latex/base/atbegshi-ltx.sty
Package: atbegshi-ltx 2020/08/17 v1.0a Emulation of the original atbegshi packa
ge
with kernel methods
)
\Hy@abspage=\count193
\c@Item=\count194
\c@Hfootnote=\count195
)
Package hyperref Info: Driver (autodetected): hpdftex.

(/home/gasan/.miktex/texmfs/install/tex/latex/hyperref/hpdftex.def
File: hpdftex.def 2020-05-15 v7.00e Hyperref driver for pdfTeX

(/home/gasan/.miktex/texmfs/install/tex/latex/base/atveryend-ltx.sty
Package: atveryend-ltx 2020/08/19 v1.0a Emulation of the original atvery packag
e
with kernel methods
)
\Fld@listcount=\count196
\c@bookmark@seq@number=\count197

(/home/gasan/.miktex/texmfs/install/tex/latex/rerunfilecheck/rerunfilecheck.sty
Package: rerunfilecheck 2019/12/05 v1.9 Rerun checks for auxiliary files (HO)

(/home/gasan/.miktex/texmfs/install/tex/generic/uniquecounter/uniquecounter.sty
Package: uniquecounter 2019/12/15 v1.4 Provide unlimited unique counter (HO)
)
Package uniquecounter Info: New unique counter `rerunfilecheck' on input line 2
86.
)
\Hy@SectionHShift=\skip58
)
Package hyperref Info: Option `colorlinks' set `false' on input line 290.
 (/home/gasan/.miktex/texmfs/install/tex/latex/base/makeidx.sty
Package: makeidx 2014/09/29 v1.0m Standard LaTeX package
)
\@indexfile=\write4
\openout4 = `TFGPictos.idx'.


Writing index file TFGPictos.idx
(/home/gasan/.miktex/texmfs/install/tex/latex/tools/multicol.sty
Package: multicol 2019/12/09 v1.8y multicolumn formatting (FMi)
\c@tracingmulticols=\count198
\mult@box=\box47
\multicol@leftmargin=\dimen144
\c@unbalance=\count199
\c@collectmore=\count266
\doublecol@number=\count267
\multicoltolerance=\count268
\multicolpretolerance=\count269
\full@width=\dimen145
\page@free=\dimen146
\premulticols=\dimen147
\postmulticols=\dimen148
\multicolsep=\skip59
\multicolbaselineskip=\skip60
\partial@page=\box48
\last@line=\box49
\maxbalancingoverflow=\dimen149
\mult@rightbox=\box50
\mult@grightbox=\box51
\mult@gfirstbox=\box52
\mult@firstbox=\box53
\@tempa=\box54
\@tempa=\box55
\@tempa=\box56
\@tempa=\box57
\@tempa=\box58
\@tempa=\box59
\@tempa=\box60
\@tempa=\box61
\@tempa=\box62
\@tempa=\box63
\@tempa=\box64
\@tempa=\box65
\@tempa=\box66
\@tempa=\box67
\@tempa=\box68
\@tempa=\box69
\@tempa=\box70
\@tempa=\box71
\@tempa=\box72
\@tempa=\box73
\@tempa=\box74
\@tempa=\box75
\@tempa=\box76
\@tempa=\box77
\@tempa=\box78
\@tempa=\box79
\@tempa=\box80
\@tempa=\box81
\@tempa=\box82
\@tempa=\box83
\@tempa=\box84
\@tempa=\box85
\@tempa=\box86
\@tempa=\box87
\@tempa=\box88
\@tempa=\box89
\@tempa=\box90
\c@minrows=\count270
\c@columnbadness=\count271
\c@finalcolumnbadness=\count272
\last@try=\dimen150
\multicolovershoot=\dimen151
\multicolundershoot=\dimen152
\mult@nat@firstbox=\box91
\colbreak@box=\box92
\mc@col@check@num=\count273
)
(/home/gasan/.miktex/texmfs/install/tex/latex/subfig/subfig.sty
Package: subfig 2005/06/28 ver: 1.3 subfig package

(/home/gasan/.miktex/texmfs/install/tex/latex/caption/caption.sty
Package: caption 2020/10/26 v3.5g Customizing captions (AR)

(/home/gasan/.miktex/texmfs/install/tex/latex/caption/caption3.sty
Package: caption3 2020/10/21 v2.2e caption3 kernel (AR)
\captionmargin=\dimen153
\captionmargin@=\dimen154
\captionwidth=\dimen155
\caption@tempdima=\dimen156
\caption@indent=\dimen157
\caption@parindent=\dimen158
\caption@hangindent=\dimen159
Package caption Info: Standard document class detected.
)
\c@caption@flags=\count274
\c@continuedfloat=\count275
Package caption Info: hyperref package is loaded.
)
\c@KVtest=\count276
\sf@farskip=\skip61
\sf@captopadj=\dimen160
\sf@capskip=\skip62
\sf@nearskip=\skip63
\c@subfigure=\count277
\c@subfigure@save=\count278
\c@lofdepth=\count279
\c@subtable=\count280
\c@subtable@save=\count281
\c@lotdepth=\count282
\sf@top=\skip64
\sf@bottom=\skip65
)
\sf@box=\box93

(/home/gasan/.miktex/texmfs/install/tex/latex/listings/listings.sty
\lst@mode=\count283
\lst@gtempboxa=\box94
\lst@token=\toks21
\lst@length=\count284
\lst@currlwidth=\dimen161
\lst@column=\count285
\lst@pos=\count286
\lst@lostspace=\dimen162
\lst@width=\dimen163
\lst@newlines=\count287
\lst@lineno=\count288
\lst@maxwidth=\dimen164

(/home/gasan/.miktex/texmfs/install/tex/latex/listings/lstmisc.sty
File: lstmisc.sty 2020/03/24 1.8d (Carsten Heinz)
\c@lstnumber=\count289
\lst@skipnumbers=\count290
\lst@framebox=\box95
)
(/home/gasan/.miktex/texmfs/install/tex/latex/listings/listings.cfg
File: listings.cfg 2020/03/24 1.8d listings configuration
))
Package: listings 2020/03/24 1.8d (Carsten Heinz)

(/home/gasan/.miktex/texmfs/install/tex/latex/tools/tabularx.sty
Package: tabularx 2020/01/15 v2.11c `tabularx' package (DPC)

(/home/gasan/.miktex/texmfs/install/tex/latex/tools/array.sty
Package: array 2019/08/31 v2.4l Tabular extension package (FMi)
\col@sep=\dimen165
\ar@mcellbox=\box96
\extrarowheight=\dimen166
\NC@list=\toks22
\extratabsurround=\skip66
\backup@length=\skip67
\ar@cellbox=\box97
)
\TX@col@width=\dimen167
\TX@old@table=\dimen168
\TX@old@col=\dimen169
\TX@target=\dimen170
\TX@delta=\dimen171
\TX@cols=\count291
\TX@ftn=\toks23
)
(/home/gasan/.miktex/texmfs/install/tex/latex/base/fontenc.sty
Package: fontenc 2020/08/10 v2.0s Standard LaTeX package
)
(/home/gasan/.miktex/texmfs/install/tex/latex/graphics/epsfig.sty
Package: epsfig 2017/06/25 v1.7b (e)psfig emulation (SPQR)

(/home/gasan/.miktex/texmfs/install/tex/latex/graphics/graphicx.sty
Package: graphicx 2020/09/09 v1.2b Enhanced LaTeX Graphics (DPC,SPQR)

(/home/gasan/.miktex/texmfs/install/tex/latex/graphics/graphics.sty
Package: graphics 2020/08/30 v1.4c Standard LaTeX Graphics (DPC,SPQR)

(/home/gasan/.miktex/texmfs/install/tex/latex/graphics/trig.sty
Package: trig 2016/01/03 v1.10 sin cos tan (DPC)
)
(/home/gasan/.miktex/texmfs/install/tex/latex/graphics-cfg/graphics.cfg
File: graphics.cfg 2016/06/04 v1.11 sample graphics configuration
)
Package graphics Info: Driver file: pdftex.def on input line 105.

(/home/gasan/.miktex/texmfs/install/tex/latex/graphics-def/pdftex.def
File: pdftex.def 2020/10/05 v1.2a Graphics/color driver for pdftex
))
\Gin@req@height=\dimen172
\Gin@req@width=\dimen173
)
\epsfxsize=\dimen174
\epsfysize=\dimen175
)
(/home/gasan/.miktex/texmfs/install/tex/latex/tools/calc.sty
Package: calc 2017/05/25 v4.3 Infix arithmetic (KKT,FJ)
\calc@Acount=\count292
\calc@Bcount=\count293
\calc@Adimen=\dimen176
\calc@Bdimen=\dimen177
\calc@Askip=\skip68
\calc@Bskip=\skip69
LaTeX Info: Redefining \setlength on input line 80.
LaTeX Info: Redefining \addtolength on input line 81.
\calc@Ccount=\count294
\calc@Cskip=\skip70
)
(/home/gasan/.miktex/texmfs/install/tex/latex/titlesec/titlesec.sty
Package: titlesec 2019/10/16 v2.13 Sectioning titles
\ttl@box=\box98
\beforetitleunit=\skip71
\aftertitleunit=\skip72
\ttl@plus=\dimen178
\ttl@minus=\dimen179
\ttl@toksa=\toks24
\titlewidth=\dimen180
\titlewidthlast=\dimen181
\titlewidthfirst=\dimen182
)
(/home/gasan/.miktex/texmfs/install/tex/latex/csquotes/csquotes.sty
Package: csquotes 2019-12-06 v5.2j context-sensitive quotations (JAW)

(/home/gasan/.miktex/texmfs/install/tex/latex/etoolbox/etoolbox.sty
Package: etoolbox 2020/10/05 v2.5k e-TeX tools for LaTeX (JAW)
\etb@tempcnta=\count295
)
\csq@reset=\count296
\csq@gtype=\count297
\csq@glevel=\count298
\csq@qlevel=\count299
\csq@maxlvl=\count300
\csq@tshold=\count301
\csq@ltx@everypar=\toks25

(/home/gasan/.miktex/texmfs/install/tex/latex/csquotes/csquotes.def
File: csquotes.def 2019-12-06 v5.2j csquotes generic definitions (JAW)
)
Package csquotes Info: Trying to load configuration file 'csquotes.cfg'...
Package csquotes Info: ... configuration file loaded successfully.

(/home/gasan/.miktex/texmfs/install/tex/latex/csquotes/csquotes.cfg
File: csquotes.cfg 
))
(/home/gasan/.miktex/texmfs/install/tex/latex/pdfpages/pdfpages.sty
Package: pdfpages 2020/01/28 v0.5q Insert pages of external PDF documents (AM)

(/home/gasan/.miktex/texmfs/install/tex/latex/base/ifthen.sty
Package: ifthen 2014/09/29 v1.1c Standard LaTeX ifthen package (DPC)
)
(/home/gasan/.miktex/texmfs/install/tex/latex/eso-pic/eso-pic.sty
Package: eso-pic 2020/09/27 v2.0i eso-pic (RN)
\ESO@tempdima=\dimen183
\ESO@tempdimb=\dimen184

(/home/gasan/.miktex/texmfs/install/tex/latex/xcolor/xcolor.sty
Package: xcolor 2016/05/11 v2.12 LaTeX color extensions (UK)

(/home/gasan/.miktex/texmfs/install/tex/latex/graphics-cfg/color.cfg
File: color.cfg 2016/01/02 v1.6 sample color configuration
)
Package xcolor Info: Driver file: pdftex.def on input line 225.
Package xcolor Info: Model `cmy' substituted by `cmy0' on input line 1348.
Package xcolor Info: Model `hsb' substituted by `rgb' on input line 1352.
Package xcolor Info: Model `RGB' extended on input line 1364.
Package xcolor Info: Model `HTML' substituted by `rgb' on input line 1366.
Package xcolor Info: Model `Hsb' substituted by `hsb' on input line 1367.
Package xcolor Info: Model `tHsb' substituted by `hsb' on input line 1368.
Package xcolor Info: Model `HSB' substituted by `hsb' on input line 1369.
Package xcolor Info: Model `Gray' substituted by `gray' on input line 1370.
Package xcolor Info: Model `wave' substituted by `hsb' on input line 1371.
))
\AM@pagewidth=\dimen185
\AM@pageheight=\dimen186

(/home/gasan/.miktex/texmfs/install/tex/latex/pdfpages/pppdftex.def
File: pppdftex.def 2020/01/28 v0.5q Pdfpages driver for pdfTeX (AM)
)
\AM@pagebox=\box99
\AM@global@opts=\toks26
\AM@pagecnt=\count302
\AM@toc@title=\toks27
\c@AM@survey=\count303
\AM@templatesizebox=\box100
)
(/home/gasan/.miktex/texmfs/install/tex/latex/lipsum/lipsum.sty
(/home/gasan/.miktex/texmfs/install/tex/latex/l3kernel/expl3.sty
Package: expl3 2020-10-27 L3 programming layer (loader) 

(/home/gasan/.miktex/texmfs/install/tex/latex/l3backend/l3backend-pdftex.def
File: l3backend-pdftex.def 2020-09-24 L3 backend support: PDF output (pdfTeX)
\l__kernel_color_stack_int=\count304
\l__pdf_internal_box=\box101
))
(/home/gasan/.miktex/texmfs/install/tex/latex/l3packages/xparse/xparse.sty
Package: xparse 2020-10-27 L3 Experimental document command parser

(/home/gasan/.miktex/texmfs/install/tex/latex/l3packages/xparse/xparse-generic.
tex))
Package: lipsum 2019/01/02 v2.2 150 paragraphs of Lorem Ipsum dummy text
 (/home/gasan/.miktex/texmfs/install/tex/latex/lipsum/lipsum.ltd.tex
File: lipsum.ltd.tex 2019/01/02 v2.2 The Lorem ipsum dummy text
)))
\@input{TeXiS/TeXiS_cab.aux}
\openout2 = `TeXiS/TeXiS_cab.aux'.

(TeXiS/TeXiS_cab.tex
(/home/gasan/.miktex/texmfs/install/tex/latex/fancyhdr/fancyhdr.sty
Package: fancyhdr 2019/01/31 v3.10 Extensive control of page headers and footer
s
\f@nch@headwidth=\skip73
\f@nch@O@elh=\skip74
\f@nch@O@erh=\skip75
\f@nch@O@olh=\skip76
\f@nch@O@orh=\skip77
\f@nch@O@elf=\skip78
\f@nch@O@erf=\skip79
\f@nch@O@olf=\skip80
\f@nch@O@orf=\skip81
))
\@input{TeXiS/TeXiS_cover.aux}
\openout2 = `TeXiS/TeXiS_cover.aux'.

(TeXiS/TeXiS_cover.tex)
\@input{TeXiS/TeXiS_dedic.aux}
\openout2 = `TeXiS/TeXiS_dedic.aux'.

(TeXiS/TeXiS_dedic.tex)
\@input{TeXiS/TeXiS_bib.aux}
\openout2 = `TeXiS/TeXiS_bib.aux'.

(TeXiS/TeXiS_bib.tex))
\@input{constantes.aux}
\openout2 = `constantes.aux'.

(constantes.tex)

Package hyperref Warning: Token not allowed in a PDF string (PDFDocEncoding):
(hyperref)                removing `\\' on input line 96.


Package hyperref Warning: Token not allowed in a PDF string (PDFDocEncoding):
(hyperref)                removing `\\' on input line 96.

Package csquotes Info: Checking for multilingual support...
Package csquotes Info: ... found 'babel' package.
Package csquotes Info: Adjusting default style.
Package csquotes Info: Redefining alias 'default' -> 'spanish'.
(TFGPictos.aux (Cascaras/cover.aux)
LaTeX Info: Redefining \. on input line 27.
LaTeX Info: Redefining \% on input line 27.
 (TeXiS/TeXiS_toc.aux)
(Capitulos/Introduccion.aux) (Capitulos/EstadoDeLaCuestion.aux)
(Capitulos/SoftwareDevelopmentMethodology.aux) (Capitulos/Implementation.aux)
(Cascaras/bibliografia.aux) (Cascaras/fin.aux))
\openout1 = `TFGPictos.aux'.

LaTeX Font Info:    Checking defaults for OML/cmm/m/it on input line 104.
LaTeX Font Info:    ... okay on input line 104.
LaTeX Font Info:    Checking defaults for OMS/cmsy/m/n on input line 104.
LaTeX Font Info:    ... okay on input line 104.
LaTeX Font Info:    Checking defaults for OT1/cmr/m/n on input line 104.
LaTeX Font Info:    ... okay on input line 104.
LaTeX Font Info:    Checking defaults for T1/cmr/m/n on input line 104.
LaTeX Font Info:    ... okay on input line 104.
LaTeX Font Info:    Checking defaults for TS1/cmr/m/n on input line 104.
LaTeX Font Info:    ... okay on input line 104.
LaTeX Font Info:    Checking defaults for OMX/cmex/m/n on input line 104.
LaTeX Font Info:    ... okay on input line 104.
LaTeX Font Info:    Checking defaults for U/cmr/m/n on input line 104.
LaTeX Font Info:    ... okay on input line 104.
LaTeX Font Info:    Checking defaults for PD1/pdf/m/n on input line 104.
LaTeX Font Info:    ... okay on input line 104.
LaTeX Info: Redefining \. on input line 104.
LaTeX Info: Redefining \% on input line 104.
Package hyperref Info: Link coloring OFF on input line 104.

(/home/gasan/.miktex/texmfs/install/tex/latex/hyperref/nameref.sty
Package: nameref 2019/09/16 v2.46 Cross-referencing by name of section

(/home/gasan/.miktex/texmfs/install/tex/latex/refcount/refcount.sty
Package: refcount 2019/12/15 v3.6 Data extraction from label references (HO)
)
(/home/gasan/.miktex/texmfs/install/tex/generic/gettitlestring/gettitlestring.s
ty
Package: gettitlestring 2019/12/15 v1.6 Cleanup title references (HO)
)
\c@section@level=\count305
)
LaTeX Info: Redefining \ref on input line 104.
LaTeX Info: Redefining \pageref on input line 104.
LaTeX Info: Redefining \nameref on input line 104.
 (TFGPictos.out) (TFGPictos.out)
\@outlinefile=\write5
\openout5 = `TFGPictos.out'.

Package caption Info: Begin \AtBeginDocument code.
Package caption Info: subfig package v1.3 is loaded.
Package caption Info: listings package is loaded.
Package caption Info: End \AtBeginDocument code.
\c@lstlisting=\count306

(/home/gasan/.miktex/texmfs/install/tex/context/base/mkii/supp-pdf.mkii
[Loading MPS to PDF converter (version 2006.09.02).]
\scratchcounter=\count307
\scratchdimen=\dimen187
\scratchbox=\box102
\nofMPsegments=\count308
\nofMParguments=\count309
\everyMPshowfont=\toks28
\MPscratchCnt=\count310
\MPscratchDim=\dimen188
\MPnumerator=\count311
\makeMPintoPDFobject=\count312
\everyMPtoPDFconversion=\toks29
) (/home/gasan/.miktex/texmfs/install/tex/latex/epstopdf-pkg/epstopdf-base.sty
Package: epstopdf-base 2020-01-24 v2.11 Base part for package epstopdf
Package epstopdf-base Info: Redefining graphics rule for `.eps' on input line 4
85.
) (/home/gasan/.miktex/texmfs/install/tex/latex/pdflscape/pdflscape.sty
Package: pdflscape 2019/12/05 v0.12 Display of landscape pages in PDF (HO)

(/home/gasan/.miktex/texmfs/install/tex/latex/graphics/lscape.sty
Package: lscape 2020/05/28 v3.02 Landscape Pages (DPC)
)
Package pdflscape Info: Auto-detected driver: pdftex on input line 81.
)
(guionado.tex)
\openout2 = `Cascaras/cover.aux'.

 (Cascaras/cover.tex
\cambioIzquierdo=\skip82
\cambioDerecho=\skip83
\margenPortada=\skip84
\evensidemarginOriginal=\skip85
\oddsidemarginOriginal=\skip86
\longTitulo=\skip87
<Imagenes/Vectorial/escudoUCM.pdf, id=119, 597.23125pt x 844.15375pt>
File: Imagenes/Vectorial/escudoUCM.pdf Graphic file (type pdf)
<use Imagenes/Vectorial/escudoUCM.pdf>
Package pdftex.def Info: Imagenes/Vectorial/escudoUCM.pdf  used on input line 1
57.
(pdftex.def)             Requested size: 119.44412pt x 168.82776pt.
\c@lastyear=\count313
\c@nextyear=\count314
 [1
























{/home/gasan/.miktex/texmfs/data/pdftex/config/pdftex.map} <./Imagenes/Vectoria
l/escudoUCM.pdf>] [2] [3])
\openout2 = `TeXiS/TeXiS_toc.aux'.


(TeXiS/TeXiS_toc.tex [4




] (TFGPictos.toc
LaTeX Info: Redefining \. on input line 1.
LaTeX Info: Redefining \% on input line 1.
LaTeX Font Info:    External font `cmex10' loaded for size
(Font)              <10.95> on input line 3.
LaTeX Font Info:    External font `cmex10' loaded for size
(Font)              <8> on input line 3.
LaTeX Font Info:    External font `cmex10' loaded for size
(Font)              <6> on input line 3.
)
\tf@toc=\write6
\openout6 = `TFGPictos.toc'.

 [5] [6

] (TFGPictos.lof
LaTeX Info: Redefining \. on input line 1.
LaTeX Info: Redefining \% on input line 1.

Underfull \hbox (badness 1968) in paragraph at lines 21--21
 [][] [][]\T1/cmr/m/n/10.95 Two 90 degree rotations of the pictogram bee(`abeja
`) 
 []

)
\tf@lof=\write7
\openout7 = `TFGPictos.lof'.

 [7] [8

] (TFGPictos.lot
LaTeX Info: Redefining \. on input line 1.
LaTeX Info: Redefining \% on input line 1.
)
\tf@lot=\write8
\openout8 = `TFGPictos.lot'.

 [9]) [10



]
\openout2 = `Capitulos/Introduccion.aux'.

 (Capitulos/Introduccion.tex
Cap\'itulo 1.
LaTeX Font Info:    Trying to load font information for OT1+phv on input line 3
.
(/home/gasan/.miktex/texmfs/install/tex/latex/psnfss/ot1phv.fd
File: ot1phv.fd 2020/03/25 scalable font definitions for OT1/phv.
)
LaTeX Font Info:    Trying to load font information for OT1+ptm on input line 3
.

(/home/gasan/.miktex/texmfs/install/tex/latex/psnfss/ot1ptm.fd
File: ot1ptm.fd 2001/06/04 font definitions for OT1/ptm.
)
Underfull \hbox (badness 1038) in paragraph at lines 13--14
[]\T1/cmr/m/n/10.95 Currently, multiple tools allow transforming na-tu-ral lang
uage into
 []

[1


]
Underfull \hbox (badness 1337) in paragraph at lines 22--23
\T1/cmr/m/n/10.95 services, and microservices, and to increase maintainability 
and
 []

)
LaTeX Info: Redefining \. on input line 159.
LaTeX Info: Redefining \% on input line 159.
 [2]
\openout2 = `Capitulos/EstadoDeLaCuestion.aux'.

 (Capitulos/EstadoDeLaCuestion.tex
Cap\'itulo 2.

Underfull \hbox (badness 1910) in paragraph at lines 9--9
|[]\T1/cmr/bx/n/14.4 Augmentative and Alternative Systems of
 []

[3




]
Underfull \hbox (badness 1558) in paragraph at lines 20--21
[]\T1/cmr/m/n/10.95 An example for AASCs that need additional equipment are the

 []

<Imagenes/Pict2Text2.0/icecream.png, id=269, 501.875pt x 501.875pt>
File: Imagenes/Pict2Text2.0/icecream.png Graphic file (type png)
<use Imagenes/Pict2Text2.0/icecream.png>
Package pdftex.def Info: Imagenes/Pict2Text2.0/icecream.png  used on input line
 27.
(pdftex.def)             Requested size: 250.93687pt x 250.93687pt.

Underfull \hbox (badness 1939) in paragraph at lines 35--36
[]\T1/cmr/m/n/10.95 As pictograms are not universal, various systems exist, suc
h as
 []

LaTeX Font Info:    External font `cmex10' loaded for size
(Font)              <9> on input line 38.
LaTeX Font Info:    External font `cmex10' loaded for size
(Font)              <5> on input line 38.
<Imagenes/Pict2Text2.0/Basicsymbols.jpeg, id=273, 354.57469pt x 130.23656pt>
File: Imagenes/Pict2Text2.0/Basicsymbols.jpeg Graphic file (type jpg)
<use Imagenes/Pict2Text2.0/Basicsymbols.jpeg>
Package pdftex.def Info: Imagenes/Pict2Text2.0/Basicsymbols.jpeg  used on input
 line 43.
(pdftex.def)             Requested size: 360.0pt x 132.23341pt.
LaTeX Info: Redefining \. on input line 51.
LaTeX Info: Redefining \% on input line 51.
[4 <./Imagenes/Pict2Text2.0/icecream.png>]
<Imagenes/Pict2Text2.0/Minspeak.jpg, id=285, 411.03563pt x 178.41656pt>
File: Imagenes/Pict2Text2.0/Minspeak.jpg Graphic file (type jpg)
<use Imagenes/Pict2Text2.0/Minspeak.jpg>
Package pdftex.def Info: Imagenes/Pict2Text2.0/Minspeak.jpg  used on input line
 58.
(pdftex.def)             Requested size: 360.0pt x 156.26382pt.

Underfull \hbox (badness 1478) in paragraph at lines 65--66
\T1/cmr/m/n/10.95 of more than 30.000 pictograms, including complex pictograms 
with
 []

<Imagenes/Pict2Text2.0/profesor.png, id=289, 501.875pt x 501.875pt>
File: Imagenes/Pict2Text2.0/profesor.png Graphic file (type png)
<use Imagenes/Pict2Text2.0/profesor.png>
Package pdftex.def Info: Imagenes/Pict2Text2.0/profesor.png  used on input line
 70.
(pdftex.def)             Requested size: 108.0011pt x 108.00056pt.
<Imagenes/Pict2Text2.0/profesora.png, id=290, 501.875pt x 501.875pt>
File: Imagenes/Pict2Text2.0/profesora.png Graphic file (type png)
<use Imagenes/Pict2Text2.0/profesora.png>
Package pdftex.def Info: Imagenes/Pict2Text2.0/profesora.png  used on input lin
e 72.
(pdftex.def)             Requested size: 108.0011pt x 108.00056pt.
LaTeX Info: Redefining \. on input line 79.
LaTeX Info: Redefining \% on input line 79.
[5 <./Imagenes/Pict2Text2.0/Basicsymbols.jpeg>]
File: Imagenes/Pict2Text2.0/profesor.png Graphic file (type png)
<use Imagenes/Pict2Text2.0/profesor.png>
Package pdftex.def Info: Imagenes/Pict2Text2.0/profesor.png  used on input line
 83.
(pdftex.def)             Requested size: 71.9989pt x 71.99272pt.
<Imagenes/Pict2Text2.0/profesor1.png, id=299, 501.875pt x 501.875pt>
File: Imagenes/Pict2Text2.0/profesor1.png Graphic file (type png)
<use Imagenes/Pict2Text2.0/profesor1.png>
Package pdftex.def Info: Imagenes/Pict2Text2.0/profesor1.png  used on input lin
e 85.
(pdftex.def)             Requested size: 71.9989pt x 71.99272pt.
<Imagenes/Pict2Text2.0/profesor2.png, id=300, 501.875pt x 501.875pt>
File: Imagenes/Pict2Text2.0/profesor2.png Graphic file (type png)
<use Imagenes/Pict2Text2.0/profesor2.png>
Package pdftex.def Info: Imagenes/Pict2Text2.0/profesor2.png  used on input lin
e 87.
(pdftex.def)             Requested size: 71.9989pt x 71.99272pt.
LaTeX Info: Redefining \. on input line 96.
LaTeX Info: Redefining \% on input line 96.
 [6 <./Imagenes/Pict2Text2.0/Minspeak.jpg> <./Imagenes/Pict2Text2.0/profesor.pn
g> <./Imagenes/Pict2Text2.0/profesora.png> <./Imagenes/Pict2Text2.0/profesor1.p
ng> <./Imagenes/Pict2Text2.0/profesor2.png>]
<Imagenes/Pict2Text2.0/board.png, id=310, 352.31625pt x 359.09157pt>
File: Imagenes/Pict2Text2.0/board.png Graphic file (type png)
<use Imagenes/Pict2Text2.0/board.png>
Package pdftex.def Info: Imagenes/Pict2Text2.0/board.png  used on input line 10
3.
(pdftex.def)             Requested size: 176.15768pt x 179.54533pt.
LaTeX Info: Redefining \. on input line 118.
LaTeX Info: Redefining \% on input line 118.
 [7 <./Imagenes/Pict2Text2.0/board.png>]
<Imagenes/Pict2Text2.0/pict2text_v1_2.png, id=319, 933.98938pt x 458.71375pt>
File: Imagenes/Pict2Text2.0/pict2text_v1_2.png Graphic file (type png)
<use Imagenes/Pict2Text2.0/pict2text_v1_2.png>
Package pdftex.def Info: Imagenes/Pict2Text2.0/pict2text_v1_2.png  used on inpu
t line 122.
(pdftex.def)             Requested size: 360.0pt x 176.80482pt.
<Imagenes/Pict2Text2.0/pict2text_v1_3.png, id=322, 932.48375pt x 460.21938pt>
File: Imagenes/Pict2Text2.0/pict2text_v1_3.png Graphic file (type png)
<use Imagenes/Pict2Text2.0/pict2text_v1_3.png>
Package pdftex.def Info: Imagenes/Pict2Text2.0/pict2text_v1_3.png  used on inpu
t line 134.
(pdftex.def)             Requested size: 360.0pt x 177.67305pt.
LaTeX Info: Redefining \. on input line 141.
LaTeX Info: Redefining \% on input line 141.
 [8 <./Imagenes/Pict2Text2.0/pict2text_v1_2.png> <./Imagenes/Pict2Text2.0/pict2
text_v1_3.png>]
<Imagenes/Pict2Text2.0/pict2text_v1_4.png, id=330, 915.92188pt x 462.72874pt>
File: Imagenes/Pict2Text2.0/pict2text_v1_4.png Graphic file (type png)
<use Imagenes/Pict2Text2.0/pict2text_v1_4.png>
Package pdftex.def Info: Imagenes/Pict2Text2.0/pict2text_v1_4.png  used on inpu
t line 145.
(pdftex.def)             Requested size: 360.0pt x 181.87561pt.

Underfull \hbox (badness 1648) in paragraph at lines 161--162
[]\T1/cmr/m/n/10.95 Although the first version of Pict2Text translates messages
 with
 []

LaTeX Info: Redefining \. on input line 162.
LaTeX Info: Redefining \% on input line 162.
[9 <./Imagenes/Pict2Text2.0/pict2text_v1_4.png>]
Underfull \vbox (badness 2529) has occurred while \output is active []

LaTeX Info: Redefining \. on input line 178.
LaTeX Info: Redefining \% on input line 178.
 [10]
<Imagenes/Pict2Text2.0/NN.png, id=363, 803.0pt x 1071.00125pt>
File: Imagenes/Pict2Text2.0/NN.png Graphic file (type png)
<use Imagenes/Pict2Text2.0/NN.png>
Package pdftex.def Info: Imagenes/Pict2Text2.0/NN.png  used on input line 186.
(pdftex.def)             Requested size: 401.49902pt x 535.49931pt.
LaTeX Info: Redefining \. on input line 194.
LaTeX Info: Redefining \% on input line 194.

[11]
LaTeX Info: Redefining \. on input line 202.
LaTeX Info: Redefining \% on input line 202.
 [12 <./Imagenes/Pict2Text2.0/NN.png>]
<Imagenes/Pict2Text2.0/convolution.png, id=390, 450.68375pt x 450.68375pt>
File: Imagenes/Pict2Text2.0/convolution.png Graphic file (type png)
<use Imagenes/Pict2Text2.0/convolution.png>
Package pdftex.def Info: Imagenes/Pict2Text2.0/convolution.png  used on input l
ine 216.
(pdftex.def)             Requested size: 360.0pt x 360.01796pt.
LaTeX Info: Redefining \. on input line 220.
LaTeX Info: Redefining \% on input line 220.
 [13]
<Imagenes/Pict2Text2.0/convolution_operation.png, id=399, 733.74126pt x 308.151
25pt>
File: Imagenes/Pict2Text2.0/convolution_operation.png Graphic file (type png)
<use Imagenes/Pict2Text2.0/convolution_operation.png>
Package pdftex.def Info: Imagenes/Pict2Text2.0/convolution_operation.png  used 
on input line 228.
(pdftex.def)             Requested size: 360.0pt x 151.1929pt.


LaTeX Warning: Reference `fig:cnn_architecture' on page 14 undefined on input l
ine 235.

<Imagenes/Pict2Text2.0/CNN-architecture.jpg, id=400, 1259.70625pt x 425.59pt>
File: Imagenes/Pict2Text2.0/CNN-architecture.jpg Graphic file (type jpg)
<use Imagenes/Pict2Text2.0/CNN-architecture.jpg>
Package pdftex.def Info: Imagenes/Pict2Text2.0/CNN-architecture.jpg  used on in
put line 241.
(pdftex.def)             Requested size: 360.0pt x 121.6256pt.
LaTeX Info: Redefining \. on input line 245.
LaTeX Info: Redefining \% on input line 245.
[14 <./Imagenes/Pict2Text2.0/convolution.png>])
LaTeX Info: Redefining \. on input line 160.
LaTeX Info: Redefining \% on input line 160.
 [15 <./Imagenes/Pict2Text2.0/convolution_operation.png> <./Imagenes/Pict2Text2
.0/CNN-architecture.jpg>]
\openout2 = `Capitulos/SoftwareDevelopmentMethodology.aux'.


(Capitulos/SoftwareDevelopmentMethodology.tex [16




]
Cap\'itulo 3.

Underfull \hbox (badness 2205) in paragraph at lines 5--6
[]\T1/cmr/m/n/10.95 Software development methodologies[][][] are used to make s
oftware
 []


Underfull \hbox (badness 1158) in paragraph at lines 7--8
\T1/cmr/m/n/10.95 Spiral Model, and Rational Unified Process. Agile methodologi
es are
 []

[17])
LaTeX Info: Redefining \. on input line 161.
LaTeX Info: Redefining \% on input line 161.
 [18]
\openout2 = `Capitulos/Implementation.aux'.

 (Capitulos/Implementation.tex
Cap\'itulo 4.
[19




]
<Imagenes/Pict2Text2.0/bee.png, id=434, 501.875pt x 501.875pt>
File: Imagenes/Pict2Text2.0/bee.png Graphic file (type png)
<use Imagenes/Pict2Text2.0/bee.png>
Package pdftex.def Info: Imagenes/Pict2Text2.0/bee.png  used on input line 19.
(pdftex.def)             Requested size: 250.93687pt x 250.93687pt.
<Imagenes/Pict2Text2.0/beeShade.png, id=436, 501.875pt x 501.875pt>
File: Imagenes/Pict2Text2.0/beeShade.png Graphic file (type png)
<use Imagenes/Pict2Text2.0/beeShade.png>
Package pdftex.def Info: Imagenes/Pict2Text2.0/beeShade.png  used on input line
 30.
(pdftex.def)             Requested size: 125.46843pt x 125.46843pt.
<Imagenes/Pict2Text2.0/beeShade2.png, id=437, 501.875pt x 501.875pt>
File: Imagenes/Pict2Text2.0/beeShade2.png Graphic file (type png)
<use Imagenes/Pict2Text2.0/beeShade2.png>
Package pdftex.def Info: Imagenes/Pict2Text2.0/beeShade2.png  used on input lin
e 32.
(pdftex.def)             Requested size: 125.46843pt x 125.46843pt.
<Imagenes/Pict2Text2.0/beeShade3.png, id=438, 501.875pt x 501.875pt>
File: Imagenes/Pict2Text2.0/beeShade3.png Graphic file (type png)
<use Imagenes/Pict2Text2.0/beeShade3.png>
Package pdftex.def Info: Imagenes/Pict2Text2.0/beeShade3.png  used on input lin
e 34.
(pdftex.def)             Requested size: 125.46843pt x 125.46843pt.
<Imagenes/Pict2Text2.0/beeShade4.png, id=439, 501.875pt x 501.875pt>
File: Imagenes/Pict2Text2.0/beeShade4.png Graphic file (type png)
<use Imagenes/Pict2Text2.0/beeShade4.png>
Package pdftex.def Info: Imagenes/Pict2Text2.0/beeShade4.png  used on input lin
e 36.
(pdftex.def)             Requested size: 125.46843pt x 125.46843pt.
LaTeX Info: Redefining \. on input line 44.
LaTeX Info: Redefining \% on input line 44.
 [20 <./Imagenes/Pict2Text2.0/bee.png> <./Imagenes/Pict2Text2.0/beeShade.png> <
./Imagenes/Pict2Text2.0/beeShade2.png> <./Imagenes/Pict2Text2.0/beeShade3.png> 
<./Imagenes/Pict2Text2.0/beeShade4.png>]
Underfull \hbox (badness 1721) in paragraph at lines 44--45
[]\T1/cmr/m/n/10.95 The second augmentation script rotates the pictogram random
ly.
 []


Underfull \hbox (badness 1412) in paragraph at lines 44--45
\T1/cmr/m/n/10.95 Si-mi-lar to the brightness augmentation script this one is u
sing the
 []

<Imagenes/Pict2Text2.0/beeUp.png, id=450, 501.875pt x 501.875pt>
File: Imagenes/Pict2Text2.0/beeUp.png Graphic file (type png)
<use Imagenes/Pict2Text2.0/beeUp.png>
Package pdftex.def Info: Imagenes/Pict2Text2.0/beeUp.png  used on input line 49
.
(pdftex.def)             Requested size: 250.93687pt x 250.93687pt.
<Imagenes/Pict2Text2.0/beeDown.png, id=451, 501.875pt x 501.875pt>
File: Imagenes/Pict2Text2.0/beeDown.png Graphic file (type png)
<use Imagenes/Pict2Text2.0/beeDown.png>
Package pdftex.def Info: Imagenes/Pict2Text2.0/beeDown.png  used on input line 
51.
(pdftex.def)             Requested size: 250.93687pt x 250.93687pt.
<Imagenes/Pict2Text2.0/beeColour.png, id=453, 501.875pt x 501.875pt>
File: Imagenes/Pict2Text2.0/beeColour.png Graphic file (type png)
<use Imagenes/Pict2Text2.0/beeColour.png>
Package pdftex.def Info: Imagenes/Pict2Text2.0/beeColour.png  used on input lin
e 64.
(pdftex.def)             Requested size: 125.46843pt x 125.46843pt.
<Imagenes/Pict2Text2.0/beeColour2.png, id=454, 501.875pt x 501.875pt>
File: Imagenes/Pict2Text2.0/beeColour2.png Graphic file (type png)
<use Imagenes/Pict2Text2.0/beeColour2.png>
Package pdftex.def Info: Imagenes/Pict2Text2.0/beeColour2.png  used on input li
ne 66.
(pdftex.def)             Requested size: 125.46843pt x 125.46843pt.
<Imagenes/Pict2Text2.0/beeColour3.png, id=455, 501.875pt x 501.875pt>
File: Imagenes/Pict2Text2.0/beeColour3.png Graphic file (type png)
<use Imagenes/Pict2Text2.0/beeColour3.png>
Package pdftex.def Info: Imagenes/Pict2Text2.0/beeColour3.png  used on input li
ne 68.
(pdftex.def)             Requested size: 125.46843pt x 125.46843pt.
<Imagenes/Pict2Text2.0/beeColour4.png, id=456, 501.875pt x 501.875pt>
File: Imagenes/Pict2Text2.0/beeColour4.png Graphic file (type png)
<use Imagenes/Pict2Text2.0/beeColour4.png>
Package pdftex.def Info: Imagenes/Pict2Text2.0/beeColour4.png  used on input li
ne 70.
(pdftex.def)             Requested size: 125.46843pt x 125.46843pt.

Underfull \vbox (badness 10000) has occurred while \output is active []

LaTeX Info: Redefining \. on input line 81.
LaTeX Info: Redefining \% on input line 81.
 [21 <./Imagenes/Pict2Text2.0/beeUp.png> <./Imagenes/Pict2Text2.0/beeDown.png> 
<./Imagenes/Pict2Text2.0/beeColour.png> <./Imagenes/Pict2Text2.0/beeColour2.png
> <./Imagenes/Pict2Text2.0/beeColour3.png> <./Imagenes/Pict2Text2.0/beeColour4.
png>]
<Imagenes/Pict2Text2.0/grayscale.png, id=472, 335.2525pt x 251.94125pt>
File: Imagenes/Pict2Text2.0/grayscale.png Graphic file (type png)
<use Imagenes/Pict2Text2.0/grayscale.png>
Package pdftex.def Info: Imagenes/Pict2Text2.0/grayscale.png  used on input lin
e 87.
(pdftex.def)             Requested size: 167.62584pt x 125.9703pt.
<Imagenes/Pict2Text2.0/reign_pic_breakdown.png, id=473, 973.7178pt x 608.9952pt
>
File: Imagenes/Pict2Text2.0/reign_pic_breakdown.png Graphic file (type png)
<use Imagenes/Pict2Text2.0/reign_pic_breakdown.png>
Package pdftex.def Info: Imagenes/Pict2Text2.0/reign_pic_breakdown.png  used on
 input line 96.
(pdftex.def)             Requested size: 730.28658pt x 456.74529pt.
<Imagenes/Pict2Text2.0/three_d_array.png, id=474, 369.0588pt x 354.123pt>
File: Imagenes/Pict2Text2.0/three_d_array.png Graphic file (type png)
<use Imagenes/Pict2Text2.0/three_d_array.png>
Package pdftex.def Info: Imagenes/Pict2Text2.0/three_d_array.png  used on input
 line 98.
(pdftex.def)             Requested size: 92.26447pt x 88.53052pt.
LaTeX Info: Redefining \. on input line 105.
LaTeX Info: Redefining \% on input line 105.

[22 <./Imagenes/Pict2Text2.0/grayscale.png>]
Underfull \vbox (badness 10000) has occurred while \output is active []

LaTeX Info: Redefining \. on input line 111.
LaTeX Info: Redefining \% on input line 111.
 [23 <./Imagenes/Pict2Text2.0/reign_pic_breakdown.png> <./Imagenes/Pict2Text2.0
/three_d_array.png>])
LaTeX Info: Redefining \. on input line 162.
LaTeX Info: Redefining \% on input line 162.
 [24]
\openout2 = `Cascaras/bibliografia.aux'.

 (Cascaras/bibliografia.tex (TFGPictos.bbl)) [25





]
\openout2 = `Cascaras/fin.aux'.


(Cascaras/fin.tex [26



] [27]) (TFGPictos.aux (Cascaras/cover.aux)
LaTeX Info: Redefining \. on input line 27.
LaTeX Info: Redefining \% on input line 27.

(TeXiS/TeXiS_toc.aux) (Capitulos/Introduccion.aux)
(Capitulos/EstadoDeLaCuestion.aux)
(Capitulos/SoftwareDevelopmentMethodology.aux) (Capitulos/Implementation.aux)
(Cascaras/bibliografia.aux) (Cascaras/fin.aux))
Package rerunfilecheck Info: File `TFGPictos.out' has not changed.
(rerunfilecheck)             Checksum: 186DAE428511E458A890D2A43B8AC184;1883.


LaTeX Warning: There were undefined references.

 ) 
Here is how much of TeX's memory you used:
 13734 strings out of 481732
 217831 string characters out of 2921282
 703060 words of memory out of 3000000
 29747 multiletter control sequences out of 15000+200000
 554500 words of font info for 62 fonts, out of 3000000 for 9000
 238 hyphenation exceptions out of 8191
 100i,12n,102p,1189b,486s stack positions out of 5000i,500n,10000p,200000b,50000s
 </home/gasan/.miktex/texmfs/data/fonts/pk/ljfour/jknappen/ec/dpi600/ecti1095
.pk> </home/gasan/.miktex/texmfs/data/fonts/pk/ljfour/jknappen/ec/dpi600/tcrm10
95.pk> </home/gasan/.miktex/texmfs/data/fonts/pk/ljfour/jknappen/ec/dpi600/ecrm
0900.pk> </home/gasan/.miktex/texmfs/data/fonts/pk/ljfour/jknappen/ec/dpi600/ec
rm0800.pk>{/home/gasan/.miktex/texmfs/install/fonts/enc/dvips/base/8r.enc} </ho
me/gasan/.miktex/texmfs/data/fonts/pk/ljfour/jknappen/ec/dpi600/ecrm0600.pk> </
home/gasan/.miktex/texmfs/data/fonts/pk/ljfour/jknappen/ec/dpi600/eccc1095.pk> 
</home/gasan/.miktex/texmfs/data/fonts/pk/ljfour/jknappen/ec/dpi600/ecrm1095.pk
> </home/gasan/.miktex/texmfs/data/fonts/pk/ljfour/jknappen/ec/dpi600/ecbx1095.
pk> </home/gasan/.miktex/texmfs/data/fonts/pk/ljfour/jknappen/ec/dpi600/ecti120
0.pk> </home/gasan/.miktex/texmfs/data/fonts/pk/ljfour/jknappen/ec/dpi600/ecrm2
488.pk> </home/gasan/.miktex/texmfs/data/fonts/pk/ljfour/jknappen/ec/dpi600/ecb
x1200.pk> </home/gasan/.miktex/texmfs/data/fonts/pk/ljfour/jknappen/ec/dpi600/e
cbx1440.pk> </home/gasan/.miktex/texmfs/data/fonts/pk/ljfour/jknappen/ec/dpi600
/ecbx2074.pk></home/gasan/.miktex/texmfs/install/fonts/type1/urw/helvetic/uhvr8
a.pfb></home/gasan/.miktex/texmfs/install/fonts/type1/urw/times/utmr8a.pfb>
Output written on TFGPictos.pdf (37 pages, 4668770 bytes).
PDF statistics:
 976 PDF objects out of 1000 (max. 8388607)
 117 named destinations out of 1000 (max. 500000)
 383 words of extra memory for PDF output out of 10000 (max. 10000000)

